{"/home/mat/Projects/recruitment-task-v3/recruitment-task-v3/src/logger.js": {"path":"/home/mat/Projects/recruitment-task-v3/recruitment-task-v3/src/logger.js","statementMap":{"0":{"start":{"line":1,"column":16},"end":{"line":1,"column":34}},"1":{"start":{"line":2,"column":25},"end":{"line":13,"column":1}},"2":{"start":{"line":15,"column":15},"end":{"line":15,"column":53}},"3":{"start":{"line":17,"column":0},"end":{"line":17,"column":27}}},"fnMap":{},"branchMap":{},"s":{"0":2,"1":2,"2":2,"3":2},"f":{},"b":{},"_coverageSchema":"1a1c01bbd47fc00a2c39e90264f33305004495a9","hash":"44562e4b5b59c70dc388e2b813798b1f6780d6cf"}
,"/home/mat/Projects/recruitment-task-v3/recruitment-task-v3/src/server.js": {"path":"/home/mat/Projects/recruitment-task-v3/recruitment-task-v3/src/server.js","statementMap":{"0":{"start":{"line":1,"column":16},"end":{"line":1,"column":34}},"1":{"start":{"line":2,"column":17},"end":{"line":2,"column":39}},"2":{"start":{"line":3,"column":18},"end":{"line":3,"column":47}},"3":{"start":{"line":4,"column":13},"end":{"line":4,"column":30}},"4":{"start":{"line":6,"column":26},"end":{"line":6,"column":53}},"5":{"start":{"line":7,"column":25},"end":{"line":7,"column":51}},"6":{"start":{"line":8,"column":25},"end":{"line":8,"column":63}},"7":{"start":{"line":9,"column":26},"end":{"line":9,"column":61}},"8":{"start":{"line":11,"column":24},"end":{"line":11,"column":49}},"9":{"start":{"line":13,"column":12},"end":{"line":13,"column":21}},"10":{"start":{"line":14,"column":0},"end":{"line":14,"column":16}},"11":{"start":{"line":16,"column":0},"end":{"line":16,"column":23}},"12":{"start":{"line":17,"column":0},"end":{"line":17,"column":22}},"13":{"start":{"line":19,"column":0},"end":{"line":19,"column":72}},"14":{"start":{"line":21,"column":0},"end":{"line":23,"column":3}},"15":{"start":{"line":22,"column":4},"end":{"line":22,"column":30}},"16":{"start":{"line":25,"column":0},"end":{"line":25,"column":22}},"17":{"start":{"line":30,"column":0},"end":{"line":30,"column":24}}},"fnMap":{"0":{"name":"(anonymous_0)","decl":{"start":{"line":21,"column":13},"end":{"line":21,"column":14}},"loc":{"start":{"line":21,"column":19},"end":{"line":23,"column":1}},"line":21}},"branchMap":{},"s":{"0":2,"1":2,"2":2,"3":2,"4":2,"5":2,"6":2,"7":2,"8":2,"9":2,"10":2,"11":2,"12":2,"13":2,"14":2,"15":0,"16":2,"17":2},"f":{"0":0},"b":{},"_coverageSchema":"1a1c01bbd47fc00a2c39e90264f33305004495a9","hash":"f68b19e4db5f58e2e273756121b56f476d18a7e6"}
,"/home/mat/Projects/recruitment-task-v3/recruitment-task-v3/src/db/cache.js": {"path":"/home/mat/Projects/recruitment-task-v3/recruitment-task-v3/src/db/cache.js","statementMap":{"0":{"start":{"line":1,"column":13},"end":{"line":1,"column":36}},"1":{"start":{"line":12,"column":15},"end":{"line":16,"column":1}},"2":{"start":{"line":20,"column":21},"end":{"line":20,"column":35}},"3":{"start":{"line":20,"column":27},"end":{"line":20,"column":35}},"4":{"start":{"line":22,"column":31},"end":{"line":25,"column":5}},"5":{"start":{"line":23,"column":25},"end":{"line":23,"column":54}},"6":{"start":{"line":24,"column":8},"end":{"line":24,"column":58}},"7":{"start":{"line":24,"column":34},"end":{"line":24,"column":56}},"8":{"start":{"line":27,"column":21},"end":{"line":46,"column":5}},"9":{"start":{"line":28,"column":8},"end":{"line":45,"column":9}},"10":{"start":{"line":30,"column":16},"end":{"line":32,"column":17}},"11":{"start":{"line":31,"column":20},"end":{"line":31,"column":48}},"12":{"start":{"line":33,"column":16},"end":{"line":33,"column":22}},"13":{"start":{"line":35,"column":28},"end":{"line":38,"column":18}},"14":{"start":{"line":36,"column":20},"end":{"line":36,"column":55}},"15":{"start":{"line":37,"column":20},"end":{"line":37,"column":36}},"16":{"start":{"line":40,"column":16},"end":{"line":43,"column":17}},"17":{"start":{"line":41,"column":32},"end":{"line":41,"column":57}},"18":{"start":{"line":42,"column":20},"end":{"line":42,"column":51}},"19":{"start":{"line":44,"column":16},"end":{"line":44,"column":22}},"20":{"start":{"line":48,"column":4},"end":{"line":48,"column":53}},"21":{"start":{"line":51,"column":0},"end":{"line":51,"column":25}}},"fnMap":{"0":{"name":"cache","decl":{"start":{"line":18,"column":9},"end":{"line":18,"column":14}},"loc":{"start":{"line":18,"column":17},"end":{"line":49,"column":1}},"line":18},"1":{"name":"(anonymous_1)","decl":{"start":{"line":20,"column":21},"end":{"line":20,"column":22}},"loc":{"start":{"line":20,"column":27},"end":{"line":20,"column":35}},"line":20},"2":{"name":"(anonymous_2)","decl":{"start":{"line":22,"column":31},"end":{"line":22,"column":32}},"loc":{"start":{"line":22,"column":43},"end":{"line":25,"column":5}},"line":22},"3":{"name":"(anonymous_3)","decl":{"start":{"line":24,"column":28},"end":{"line":24,"column":29}},"loc":{"start":{"line":24,"column":34},"end":{"line":24,"column":56}},"line":24},"4":{"name":"(anonymous_4)","decl":{"start":{"line":27,"column":21},"end":{"line":27,"column":22}},"loc":{"start":{"line":27,"column":55},"end":{"line":46,"column":5}},"line":27},"5":{"name":"(anonymous_5)","decl":{"start":{"line":35,"column":39},"end":{"line":35,"column":40}},"loc":{"start":{"line":35,"column":48},"end":{"line":38,"column":17}},"line":35}},"branchMap":{"0":{"loc":{"start":{"line":28,"column":8},"end":{"line":45,"column":9}},"type":"switch","locations":[{"start":{"line":29,"column":12},"end":{"line":33,"column":22}},{"start":{"line":34,"column":12},"end":{"line":44,"column":22}}],"line":28},"1":{"loc":{"start":{"line":30,"column":16},"end":{"line":32,"column":17}},"type":"if","locations":[{"start":{"line":30,"column":16},"end":{"line":32,"column":17}},{"start":{"line":30,"column":16},"end":{"line":32,"column":17}}],"line":30},"2":{"loc":{"start":{"line":40,"column":16},"end":{"line":43,"column":17}},"type":"if","locations":[{"start":{"line":40,"column":16},"end":{"line":43,"column":17}},{"start":{"line":40,"column":16},"end":{"line":43,"column":17}}],"line":40}},"s":{"0":6,"1":6,"2":6,"3":8,"4":6,"5":1,"6":1,"7":1,"8":6,"9":3,"10":0,"11":0,"12":0,"13":3,"14":25,"15":25,"16":3,"17":3,"18":3,"19":3,"20":6,"21":6},"f":{"0":6,"1":8,"2":1,"3":1,"4":3,"5":25},"b":{"0":[0,3],"1":[0,0],"2":[3,0]},"_coverageSchema":"1a1c01bbd47fc00a2c39e90264f33305004495a9","hash":"732100a9c602ffdcfd3c81a7bca82dc9277f055d"}
,"/home/mat/Projects/recruitment-task-v3/recruitment-task-v3/src/db/database.js": {"path":"/home/mat/Projects/recruitment-task-v3/recruitment-task-v3/src/db/database.js","statementMap":{"0":{"start":{"line":1,"column":11},"end":{"line":1,"column":24}},"1":{"start":{"line":2,"column":13},"end":{"line":2,"column":36}},"2":{"start":{"line":3,"column":14},"end":{"line":3,"column":32}},"3":{"start":{"line":5,"column":26},"end":{"line":5,"column":61}},"4":{"start":{"line":7,"column":16},"end":{"line":7,"column":86}},"5":{"start":{"line":10,"column":17},"end":{"line":24,"column":5}},"6":{"start":{"line":11,"column":8},"end":{"line":23,"column":9}},"7":{"start":{"line":15,"column":16},"end":{"line":20,"column":17}},"8":{"start":{"line":16,"column":32},"end":{"line":16,"column":57}},"9":{"start":{"line":17,"column":20},"end":{"line":17,"column":127}},"10":{"start":{"line":19,"column":20},"end":{"line":19,"column":60}},"11":{"start":{"line":22,"column":16},"end":{"line":22,"column":114}},"12":{"start":{"line":26,"column":19},"end":{"line":32,"column":5}},"13":{"start":{"line":27,"column":19},"end":{"line":27,"column":35}},"14":{"start":{"line":28,"column":8},"end":{"line":28,"column":56}},"15":{"start":{"line":29,"column":8},"end":{"line":29,"column":32}},"16":{"start":{"line":30,"column":8},"end":{"line":30,"column":31}},"17":{"start":{"line":31,"column":8},"end":{"line":31,"column":20}},"18":{"start":{"line":34,"column":20},"end":{"line":34,"column":47}},"19":{"start":{"line":34,"column":32},"end":{"line":34,"column":47}},"20":{"start":{"line":36,"column":21},"end":{"line":39,"column":5}},"21":{"start":{"line":37,"column":24},"end":{"line":37,"column":61}},"22":{"start":{"line":38,"column":8},"end":{"line":38,"column":35}},"23":{"start":{"line":41,"column":24},"end":{"line":49,"column":5}},"24":{"start":{"line":42,"column":8},"end":{"line":48,"column":15}},"25":{"start":{"line":44,"column":16},"end":{"line":47,"column":17}},"26":{"start":{"line":45,"column":20},"end":{"line":45,"column":38}},"27":{"start":{"line":46,"column":20},"end":{"line":46,"column":97}},"28":{"start":{"line":51,"column":20},"end":{"line":54,"column":5}},"29":{"start":{"line":52,"column":23},"end":{"line":52,"column":43}},"30":{"start":{"line":53,"column":8},"end":{"line":53,"column":68}},"31":{"start":{"line":56,"column":25},"end":{"line":76,"column":5}},"32":{"start":{"line":57,"column":21},"end":{"line":57,"column":37}},"33":{"start":{"line":58,"column":24},"end":{"line":58,"column":36}},"34":{"start":{"line":60,"column":8},"end":{"line":62,"column":9}},"35":{"start":{"line":61,"column":12},"end":{"line":61,"column":59}},"36":{"start":{"line":65,"column":8},"end":{"line":69,"column":9}},"37":{"start":{"line":66,"column":12},"end":{"line":68,"column":13}},"38":{"start":{"line":67,"column":16},"end":{"line":67,"column":83}},"39":{"start":{"line":71,"column":8},"end":{"line":73,"column":9}},"40":{"start":{"line":72,"column":12},"end":{"line":72,"column":59}},"41":{"start":{"line":75,"column":8},"end":{"line":75,"column":25}},"42":{"start":{"line":84,"column":23},"end":{"line":104,"column":5}},"43":{"start":{"line":85,"column":8},"end":{"line":103,"column":14}},"44":{"start":{"line":86,"column":24},"end":{"line":86,"column":29}},"45":{"start":{"line":87,"column":12},"end":{"line":99,"column":13}},"46":{"start":{"line":88,"column":29},"end":{"line":88,"column":42}},"47":{"start":{"line":90,"column":16},"end":{"line":94,"column":17}},"48":{"start":{"line":91,"column":20},"end":{"line":91,"column":73}},"49":{"start":{"line":91,"column":48},"end":{"line":91,"column":72}},"50":{"start":{"line":93,"column":20},"end":{"line":93,"column":101}},"51":{"start":{"line":96,"column":16},"end":{"line":98,"column":17}},"52":{"start":{"line":97,"column":20},"end":{"line":97,"column":31}},"53":{"start":{"line":101,"column":12},"end":{"line":101,"column":24}},"54":{"start":{"line":102,"column":12},"end":{"line":102,"column":22}},"55":{"start":{"line":110,"column":33},"end":{"line":117,"column":48}},"56":{"start":{"line":110,"column":51},"end":{"line":117,"column":48}},"57":{"start":{"line":112,"column":34},"end":{"line":112,"column":86}},"58":{"start":{"line":112,"column":63},"end":{"line":112,"column":85}},"59":{"start":{"line":113,"column":12},"end":{"line":113,"column":55}},"60":{"start":{"line":114,"column":12},"end":{"line":114,"column":23}},"61":{"start":{"line":116,"column":24},"end":{"line":116,"column":68}},"62":{"start":{"line":117,"column":26},"end":{"line":117,"column":47}},"63":{"start":{"line":121,"column":4},"end":{"line":121,"column":36}},"64":{"start":{"line":124,"column":0},"end":{"line":124,"column":41}}},"fnMap":{"0":{"name":"database","decl":{"start":{"line":8,"column":9},"end":{"line":8,"column":17}},"loc":{"start":{"line":8,"column":26},"end":{"line":122,"column":1}},"line":8},"1":{"name":"(anonymous_1)","decl":{"start":{"line":10,"column":17},"end":{"line":10,"column":18}},"loc":{"start":{"line":10,"column":41},"end":{"line":24,"column":5}},"line":10},"2":{"name":"(anonymous_2)","decl":{"start":{"line":26,"column":19},"end":{"line":26,"column":20}},"loc":{"start":{"line":26,"column":33},"end":{"line":32,"column":5}},"line":26},"3":{"name":"(anonymous_3)","decl":{"start":{"line":34,"column":20},"end":{"line":34,"column":21}},"loc":{"start":{"line":34,"column":32},"end":{"line":34,"column":47}},"line":34},"4":{"name":"(anonymous_4)","decl":{"start":{"line":36,"column":21},"end":{"line":36,"column":22}},"loc":{"start":{"line":36,"column":33},"end":{"line":39,"column":5}},"line":36},"5":{"name":"(anonymous_5)","decl":{"start":{"line":41,"column":24},"end":{"line":41,"column":25}},"loc":{"start":{"line":41,"column":38},"end":{"line":49,"column":5}},"line":41},"6":{"name":"(anonymous_6)","decl":{"start":{"line":43,"column":12},"end":{"line":43,"column":13}},"loc":{"start":{"line":43,"column":19},"end":{"line":48,"column":13}},"line":43},"7":{"name":"(anonymous_7)","decl":{"start":{"line":51,"column":20},"end":{"line":51,"column":21}},"loc":{"start":{"line":51,"column":32},"end":{"line":54,"column":5}},"line":51},"8":{"name":"(anonymous_8)","decl":{"start":{"line":56,"column":25},"end":{"line":56,"column":26}},"loc":{"start":{"line":56,"column":62},"end":{"line":76,"column":5}},"line":56},"9":{"name":"(anonymous_9)","decl":{"start":{"line":84,"column":23},"end":{"line":84,"column":24}},"loc":{"start":{"line":84,"column":41},"end":{"line":104,"column":5}},"line":84},"10":{"name":"(anonymous_10)","decl":{"start":{"line":85,"column":27},"end":{"line":85,"column":28}},"loc":{"start":{"line":85,"column":40},"end":{"line":103,"column":9}},"line":85},"11":{"name":"(anonymous_11)","decl":{"start":{"line":91,"column":40},"end":{"line":91,"column":41}},"loc":{"start":{"line":91,"column":48},"end":{"line":91,"column":72}},"line":91},"12":{"name":"(anonymous_12)","decl":{"start":{"line":110,"column":33},"end":{"line":110,"column":34}},"loc":{"start":{"line":110,"column":51},"end":{"line":117,"column":48}},"line":110},"13":{"name":"(anonymous_13)","decl":{"start":{"line":111,"column":16},"end":{"line":111,"column":17}},"loc":{"start":{"line":111,"column":39},"end":{"line":115,"column":9}},"line":111},"14":{"name":"(anonymous_14)","decl":{"start":{"line":112,"column":54},"end":{"line":112,"column":55}},"loc":{"start":{"line":112,"column":63},"end":{"line":112,"column":85}},"line":112},"15":{"name":"(anonymous_15)","decl":{"start":{"line":116,"column":14},"end":{"line":116,"column":15}},"loc":{"start":{"line":116,"column":24},"end":{"line":116,"column":68}},"line":116},"16":{"name":"(anonymous_16)","decl":{"start":{"line":117,"column":13},"end":{"line":117,"column":14}},"loc":{"start":{"line":117,"column":26},"end":{"line":117,"column":47}},"line":117}},"branchMap":{"0":{"loc":{"start":{"line":7,"column":16},"end":{"line":7,"column":86}},"type":"cond-expr","locations":[{"start":{"line":7,"column":50},"end":{"line":7,"column":69}},{"start":{"line":7,"column":72},"end":{"line":7,"column":86}}],"line":7},"1":{"loc":{"start":{"line":11,"column":8},"end":{"line":23,"column":9}},"type":"switch","locations":[{"start":{"line":12,"column":12},"end":{"line":20,"column":17}},{"start":{"line":21,"column":12},"end":{"line":22,"column":114}}],"line":11},"2":{"loc":{"start":{"line":15,"column":16},"end":{"line":20,"column":17}},"type":"if","locations":[{"start":{"line":15,"column":16},"end":{"line":20,"column":17}},{"start":{"line":15,"column":16},"end":{"line":20,"column":17}}],"line":15},"3":{"loc":{"start":{"line":17,"column":27},"end":{"line":17,"column":126}},"type":"cond-expr","locations":[{"start":{"line":17,"column":62},"end":{"line":17,"column":91}},{"start":{"line":17,"column":94},"end":{"line":17,"column":126}}],"line":17},"4":{"loc":{"start":{"line":22,"column":23},"end":{"line":22,"column":114}},"type":"cond-expr","locations":[{"start":{"line":22,"column":65},"end":{"line":22,"column":91}},{"start":{"line":22,"column":94},"end":{"line":22,"column":114}}],"line":22},"5":{"loc":{"start":{"line":44,"column":16},"end":{"line":47,"column":17}},"type":"if","locations":[{"start":{"line":44,"column":16},"end":{"line":47,"column":17}},{"start":{"line":44,"column":16},"end":{"line":47,"column":17}}],"line":44},"6":{"loc":{"start":{"line":60,"column":8},"end":{"line":62,"column":9}},"type":"if","locations":[{"start":{"line":60,"column":8},"end":{"line":62,"column":9}},{"start":{"line":60,"column":8},"end":{"line":62,"column":9}}],"line":60},"7":{"loc":{"start":{"line":65,"column":8},"end":{"line":69,"column":9}},"type":"if","locations":[{"start":{"line":65,"column":8},"end":{"line":69,"column":9}},{"start":{"line":65,"column":8},"end":{"line":69,"column":9}}],"line":65},"8":{"loc":{"start":{"line":66,"column":12},"end":{"line":68,"column":13}},"type":"if","locations":[{"start":{"line":66,"column":12},"end":{"line":68,"column":13}},{"start":{"line":66,"column":12},"end":{"line":68,"column":13}}],"line":66},"9":{"loc":{"start":{"line":66,"column":16},"end":{"line":66,"column":120}},"type":"binary-expr","locations":[{"start":{"line":66,"column":16},"end":{"line":66,"column":54}},{"start":{"line":66,"column":58},"end":{"line":66,"column":80}},{"start":{"line":66,"column":84},"end":{"line":66,"column":120}}],"line":66},"10":{"loc":{"start":{"line":71,"column":8},"end":{"line":73,"column":9}},"type":"if","locations":[{"start":{"line":71,"column":8},"end":{"line":73,"column":9}},{"start":{"line":71,"column":8},"end":{"line":73,"column":9}}],"line":71},"11":{"loc":{"start":{"line":90,"column":16},"end":{"line":94,"column":17}},"type":"if","locations":[{"start":{"line":90,"column":16},"end":{"line":94,"column":17}},{"start":{"line":90,"column":16},"end":{"line":94,"column":17}}],"line":90},"12":{"loc":{"start":{"line":93,"column":28},"end":{"line":93,"column":100}},"type":"binary-expr","locations":[{"start":{"line":93,"column":28},"end":{"line":93,"column":62}},{"start":{"line":93,"column":66},"end":{"line":93,"column":100}}],"line":93},"13":{"loc":{"start":{"line":96,"column":16},"end":{"line":98,"column":17}},"type":"if","locations":[{"start":{"line":96,"column":16},"end":{"line":98,"column":17}},{"start":{"line":96,"column":16},"end":{"line":98,"column":17}}],"line":96},"14":{"loc":{"start":{"line":116,"column":24},"end":{"line":116,"column":68}},"type":"cond-expr","locations":[{"start":{"line":116,"column":62},"end":{"line":116,"column":64}},{"start":{"line":116,"column":67},"end":{"line":116,"column":68}}],"line":116}},"s":{"0":5,"1":5,"2":5,"3":5,"4":5,"5":9,"6":10,"7":4,"8":2,"9":2,"10":2,"11":6,"12":9,"13":2,"14":2,"15":2,"16":2,"17":2,"18":9,"19":4,"20":9,"21":16,"22":16,"23":9,"24":2,"25":0,"26":0,"27":0,"28":9,"29":4,"30":4,"31":9,"32":14,"33":14,"34":14,"35":4,"36":14,"37":4,"38":3,"39":14,"40":2,"41":14,"42":9,"43":4,"44":642,"45":642,"46":744,"47":744,"48":263,"49":457,"50":481,"51":744,"52":507,"53":135,"54":135,"55":9,"56":3,"57":84,"58":221,"59":84,"60":84,"61":269,"62":84,"63":9,"64":5},"f":{"0":9,"1":10,"2":2,"3":4,"4":16,"5":2,"6":0,"7":4,"8":14,"9":4,"10":642,"11":457,"12":3,"13":84,"14":221,"15":269,"16":84},"b":{"0":[5,0],"1":[4,6],"2":[2,2],"3":[0,2],"4":[0,6],"5":[0,0],"6":[4,10],"7":[4,10],"8":[3,1],"9":[4,2,3],"10":[2,12],"11":[263,481],"12":[481,300],"13":[507,237],"14":[61,208]},"_coverageSchema":"1a1c01bbd47fc00a2c39e90264f33305004495a9","hash":"955e4000011af094f927e68676defd99bfe98161"}
,"/home/mat/Projects/recruitment-task-v3/recruitment-task-v3/src/db/model.js": {"path":"/home/mat/Projects/recruitment-task-v3/recruitment-task-v3/src/db/model.js","statementMap":{"0":{"start":{"line":1,"column":21},"end":{"line":1,"column":46}},"1":{"start":{"line":7,"column":8},"end":{"line":7,"column":29}},"2":{"start":{"line":8,"column":8},"end":{"line":8,"column":40}},"3":{"start":{"line":9,"column":8},"end":{"line":9,"column":65}},"4":{"start":{"line":9,"column":38},"end":{"line":9,"column":64}},"5":{"start":{"line":10,"column":8},"end":{"line":10,"column":59}},"6":{"start":{"line":10,"column":35},"end":{"line":10,"column":58}},"7":{"start":{"line":14,"column":0},"end":{"line":14,"column":26}}},"fnMap":{"0":{"name":"(anonymous_0)","decl":{"start":{"line":6,"column":4},"end":{"line":6,"column":5}},"loc":{"start":{"line":6,"column":24},"end":{"line":11,"column":5}},"line":6},"1":{"name":"(anonymous_1)","decl":{"start":{"line":9,"column":20},"end":{"line":9,"column":21}},"loc":{"start":{"line":9,"column":38},"end":{"line":9,"column":64}},"line":9},"2":{"name":"(anonymous_2)","decl":{"start":{"line":10,"column":23},"end":{"line":10,"column":24}},"loc":{"start":{"line":10,"column":35},"end":{"line":10,"column":58}},"line":10}},"branchMap":{},"s":{"0":4,"1":6,"2":6,"3":6,"4":9,"5":6,"6":2,"7":4},"f":{"0":6,"1":9,"2":2},"b":{},"_coverageSchema":"1a1c01bbd47fc00a2c39e90264f33305004495a9","hash":"8a242b55caee4c2e7a9210b05010b739a75b6680"}
,"/home/mat/Projects/recruitment-task-v3/recruitment-task-v3/src/errors/custom-error.js": {"path":"/home/mat/Projects/recruitment-task-v3/recruitment-task-v3/src/errors/custom-error.js","statementMap":{"0":{"start":{"line":3,"column":8},"end":{"line":3,"column":16}},"1":{"start":{"line":4,"column":8},"end":{"line":4,"column":37}},"2":{"start":{"line":5,"column":8},"end":{"line":5,"column":33}},"3":{"start":{"line":6,"column":8},"end":{"line":10,"column":9}},"4":{"start":{"line":7,"column":12},"end":{"line":9,"column":31}},"5":{"start":{"line":8,"column":47},"end":{"line":8,"column":65}},"6":{"start":{"line":14,"column":0},"end":{"line":14,"column":32}}},"fnMap":{"0":{"name":"(anonymous_0)","decl":{"start":{"line":2,"column":4},"end":{"line":2,"column":5}},"loc":{"start":{"line":2,"column":38},"end":{"line":11,"column":5}},"line":2},"1":{"name":"(anonymous_1)","decl":{"start":{"line":6,"column":31},"end":{"line":6,"column":32}},"loc":{"start":{"line":6,"column":37},"end":{"line":10,"column":9}},"line":6},"2":{"name":"(anonymous_2)","decl":{"start":{"line":8,"column":34},"end":{"line":8,"column":35}},"loc":{"start":{"line":8,"column":45},"end":{"line":8,"column":67}},"line":8}},"branchMap":{"0":{"loc":{"start":{"line":7,"column":19},"end":{"line":9,"column":31}},"type":"cond-expr","locations":[{"start":{"line":8,"column":16},"end":{"line":8,"column":68}},{"start":{"line":9,"column":16},"end":{"line":9,"column":31}}],"line":7}},"s":{"0":13,"1":13,"2":13,"3":13,"4":10,"5":10,"6":5},"f":{"0":13,"1":10,"2":10},"b":{"0":[10,0]},"_coverageSchema":"1a1c01bbd47fc00a2c39e90264f33305004495a9","hash":"c423eb503d0e475b5f67a06ef7b869e934dfb855"}
,"/home/mat/Projects/recruitment-task-v3/recruitment-task-v3/src/errors/database-error.js": {"path":"/home/mat/Projects/recruitment-task-v3/recruitment-task-v3/src/errors/database-error.js","statementMap":{"0":{"start":{"line":1,"column":22},"end":{"line":1,"column":47}},"1":{"start":{"line":5,"column":25},"end":{"line":5,"column":28}},"2":{"start":{"line":6,"column":6},"end":{"line":6,"column":33}},"3":{"start":{"line":10,"column":2},"end":{"line":10,"column":34}}},"fnMap":{"0":{"name":"(anonymous_0)","decl":{"start":{"line":4,"column":4},"end":{"line":4,"column":5}},"loc":{"start":{"line":4,"column":25},"end":{"line":7,"column":5}},"line":4}},"branchMap":{},"s":{"0":5,"1":0,"2":0,"3":5},"f":{"0":0},"b":{},"_coverageSchema":"1a1c01bbd47fc00a2c39e90264f33305004495a9","hash":"110c3864496411aa96f896e472a9984a8537b4cd"}
,"/home/mat/Projects/recruitment-task-v3/recruitment-task-v3/src/errors/not-found-error.js": {"path":"/home/mat/Projects/recruitment-task-v3/recruitment-task-v3/src/errors/not-found-error.js","statementMap":{"0":{"start":{"line":1,"column":24},"end":{"line":1,"column":49}},"1":{"start":{"line":5,"column":27},"end":{"line":5,"column":30}},"2":{"start":{"line":6,"column":24},"end":{"line":6,"column":41}},"3":{"start":{"line":7,"column":8},"end":{"line":7,"column":35}},"4":{"start":{"line":11,"column":0},"end":{"line":11,"column":34}}},"fnMap":{"0":{"name":"(anonymous_0)","decl":{"start":{"line":4,"column":4},"end":{"line":4,"column":5}},"loc":{"start":{"line":4,"column":18},"end":{"line":8,"column":5}},"line":4}},"branchMap":{},"s":{"0":2,"1":0,"2":0,"3":0,"4":2},"f":{"0":0},"b":{},"_coverageSchema":"1a1c01bbd47fc00a2c39e90264f33305004495a9","hash":"d6f5f6b8f623133175c08215fec7a940f45c2535"}
,"/home/mat/Projects/recruitment-task-v3/recruitment-task-v3/src/errors/validation-error.js": {"path":"/home/mat/Projects/recruitment-task-v3/recruitment-task-v3/src/errors/validation-error.js","statementMap":{"0":{"start":{"line":1,"column":22},"end":{"line":1,"column":47}},"1":{"start":{"line":5,"column":25},"end":{"line":5,"column":28}},"2":{"start":{"line":6,"column":6},"end":{"line":6,"column":33}},"3":{"start":{"line":10,"column":2},"end":{"line":10,"column":36}}},"fnMap":{"0":{"name":"(anonymous_0)","decl":{"start":{"line":4,"column":4},"end":{"line":4,"column":5}},"loc":{"start":{"line":4,"column":25},"end":{"line":7,"column":5}},"line":4}},"branchMap":{},"s":{"0":4,"1":13,"2":13,"3":4},"f":{"0":13},"b":{},"_coverageSchema":"1a1c01bbd47fc00a2c39e90264f33305004495a9","hash":"d7af39f88e486e162a36d01d7532dd1a020f35e7"}
,"/home/mat/Projects/recruitment-task-v3/recruitment-task-v3/src/middlewares/body-validator.js": {"path":"/home/mat/Projects/recruitment-task-v3/recruitment-task-v3/src/middlewares/body-validator.js","statementMap":{"0":{"start":{"line":1,"column":32},"end":{"line":1,"column":80}},"1":{"start":{"line":4,"column":4},"end":{"line":9,"column":5}},"2":{"start":{"line":5,"column":8},"end":{"line":5,"column":44}},"3":{"start":{"line":6,"column":8},"end":{"line":6,"column":15}},"4":{"start":{"line":8,"column":8},"end":{"line":8,"column":17}},"5":{"start":{"line":12,"column":0},"end":{"line":12,"column":34}}},"fnMap":{"0":{"name":"validateMovie","decl":{"start":{"line":3,"column":15},"end":{"line":3,"column":28}},"loc":{"start":{"line":3,"column":45},"end":{"line":10,"column":1}},"line":3}},"branchMap":{},"s":{"0":2,"1":11,"2":11,"3":1,"4":10,"5":2},"f":{"0":11},"b":{},"_coverageSchema":"1a1c01bbd47fc00a2c39e90264f33305004495a9","hash":"aacc541ee083adf700b0fca042cd3cc7904e4ff7"}
,"/home/mat/Projects/recruitment-task-v3/recruitment-task-v3/src/middlewares/error-handler.js": {"path":"/home/mat/Projects/recruitment-task-v3/recruitment-task-v3/src/middlewares/error-handler.js","statementMap":{"0":{"start":{"line":1,"column":24},"end":{"line":1,"column":57}},"1":{"start":{"line":2,"column":19},"end":{"line":2,"column":39}},"2":{"start":{"line":7,"column":2},"end":{"line":9,"column":3}},"3":{"start":{"line":8,"column":4},"end":{"line":8,"column":78}},"4":{"start":{"line":11,"column":2},"end":{"line":13,"column":5}},"5":{"start":{"line":16,"column":0},"end":{"line":16,"column":33}}},"fnMap":{"0":{"name":"errorHandler","decl":{"start":{"line":5,"column":15},"end":{"line":5,"column":27}},"loc":{"start":{"line":5,"column":49},"end":{"line":14,"column":1}},"line":5}},"branchMap":{"0":{"loc":{"start":{"line":7,"column":2},"end":{"line":9,"column":3}},"type":"if","locations":[{"start":{"line":7,"column":2},"end":{"line":9,"column":3}},{"start":{"line":7,"column":2},"end":{"line":9,"column":3}}],"line":7}},"s":{"0":2,"1":2,"2":10,"3":10,"4":0,"5":2},"f":{"0":10},"b":{"0":[10,0]},"_coverageSchema":"1a1c01bbd47fc00a2c39e90264f33305004495a9","hash":"9e30221c710d9a0c7d76f679b2dbe63e7bf20108"}
,"/home/mat/Projects/recruitment-task-v3/recruitment-task-v3/src/middlewares/query-validator.js": {"path":"/home/mat/Projects/recruitment-task-v3/recruitment-task-v3/src/middlewares/query-validator.js","statementMap":{"0":{"start":{"line":1,"column":13},"end":{"line":1,"column":36}},"1":{"start":{"line":2,"column":27},"end":{"line":2,"column":76}},"2":{"start":{"line":5,"column":4},"end":{"line":18,"column":5}},"3":{"start":{"line":6,"column":8},"end":{"line":14,"column":9}},"4":{"start":{"line":7,"column":24},"end":{"line":7,"column":40}},"5":{"start":{"line":8,"column":12},"end":{"line":13,"column":13}},"6":{"start":{"line":10,"column":20},"end":{"line":10,"column":53}},"7":{"start":{"line":11,"column":20},"end":{"line":11,"column":47}},"8":{"start":{"line":12,"column":20},"end":{"line":12,"column":26}},"9":{"start":{"line":15,"column":8},"end":{"line":15,"column":15}},"10":{"start":{"line":17,"column":8},"end":{"line":17,"column":17}},"11":{"start":{"line":23,"column":0},"end":{"line":23,"column":35}}},"fnMap":{"0":{"name":"queryValidator","decl":{"start":{"line":4,"column":15},"end":{"line":4,"column":29}},"loc":{"start":{"line":4,"column":46},"end":{"line":19,"column":1}},"line":4}},"branchMap":{"0":{"loc":{"start":{"line":8,"column":12},"end":{"line":13,"column":13}},"type":"switch","locations":[{"start":{"line":9,"column":16},"end":{"line":12,"column":26}}],"line":8}},"s":{"0":2,"1":2,"2":5,"3":5,"4":4,"5":4,"6":2,"7":2,"8":2,"9":5,"10":0,"11":2},"f":{"0":5},"b":{"0":[2]},"_coverageSchema":"1a1c01bbd47fc00a2c39e90264f33305004495a9","hash":"7c7a8dea3b774b76eb2276305e8cfab71b1a6b82"}
,"/home/mat/Projects/recruitment-task-v3/recruitment-task-v3/src/models/genre.js": {"path":"/home/mat/Projects/recruitment-task-v3/recruitment-task-v3/src/models/genre.js","statementMap":{"0":{"start":{"line":1,"column":18},"end":{"line":1,"column":40}},"1":{"start":{"line":5,"column":28},"end":{"line":5,"column":36}},"2":{"start":{"line":6,"column":8},"end":{"line":6,"column":27}},"3":{"start":{"line":9,"column":0},"end":{"line":9,"column":39}}},"fnMap":{"0":{"name":"(anonymous_0)","decl":{"start":{"line":4,"column":4},"end":{"line":4,"column":5}},"loc":{"start":{"line":4,"column":18},"end":{"line":7,"column":5}},"line":4}},"branchMap":{},"s":{"0":4,"1":4,"2":4,"3":4},"f":{"0":4},"b":{},"_coverageSchema":"1a1c01bbd47fc00a2c39e90264f33305004495a9","hash":"86aa2828701edbbc12d66fd7bff30bf396b77528"}
,"/home/mat/Projects/recruitment-task-v3/recruitment-task-v3/src/models/movie.js": {"path":"/home/mat/Projects/recruitment-task-v3/recruitment-task-v3/src/models/movie.js","statementMap":{"0":{"start":{"line":1,"column":18},"end":{"line":1,"column":40}},"1":{"start":{"line":5,"column":28},"end":{"line":5,"column":36}},"2":{"start":{"line":6,"column":8},"end":{"line":6,"column":27}},"3":{"start":{"line":8,"column":8},"end":{"line":8,"column":65}},"4":{"start":{"line":8,"column":37},"end":{"line":8,"column":64}},"5":{"start":{"line":11,"column":0},"end":{"line":11,"column":39}}},"fnMap":{"0":{"name":"(anonymous_0)","decl":{"start":{"line":4,"column":4},"end":{"line":4,"column":5}},"loc":{"start":{"line":4,"column":18},"end":{"line":9,"column":5}},"line":4},"1":{"name":"(anonymous_1)","decl":{"start":{"line":8,"column":22},"end":{"line":8,"column":23}},"loc":{"start":{"line":8,"column":37},"end":{"line":8,"column":64}},"line":8}},"branchMap":{},"s":{"0":2,"1":2,"2":2,"3":2,"4":1,"5":2},"f":{"0":2,"1":1},"b":{},"_coverageSchema":"1a1c01bbd47fc00a2c39e90264f33305004495a9","hash":"49744cbab3140803d56d4782dd6c83fbfb4d9712"}
,"/home/mat/Projects/recruitment-task-v3/recruitment-task-v3/src/routes/create.js": {"path":"/home/mat/Projects/recruitment-task-v3/recruitment-task-v3/src/routes/create.js","statementMap":{"0":{"start":{"line":1,"column":16},"end":{"line":1,"column":34}},"1":{"start":{"line":2,"column":18},"end":{"line":2,"column":44}},"2":{"start":{"line":3,"column":26},"end":{"line":3,"column":66}},"3":{"start":{"line":5,"column":15},"end":{"line":5,"column":31}},"4":{"start":{"line":7,"column":0},"end":{"line":10,"column":2}},"5":{"start":{"line":8,"column":25},"end":{"line":8,"column":53}},"6":{"start":{"line":9,"column":4},"end":{"line":9,"column":46}},"7":{"start":{"line":12,"column":0},"end":{"line":12,"column":41}}},"fnMap":{"0":{"name":"(anonymous_0)","decl":{"start":{"line":7,"column":43},"end":{"line":7,"column":44}},"loc":{"start":{"line":7,"column":63},"end":{"line":10,"column":1}},"line":7}},"branchMap":{},"s":{"0":2,"1":2,"2":2,"3":2,"4":2,"5":1,"6":1,"7":2},"f":{"0":1},"b":{},"_coverageSchema":"1a1c01bbd47fc00a2c39e90264f33305004495a9","hash":"3869733de2d7b9bc882f86eea1234c4a9a1492b3"}
,"/home/mat/Projects/recruitment-task-v3/recruitment-task-v3/src/routes/findAll.js": {"path":"/home/mat/Projects/recruitment-task-v3/recruitment-task-v3/src/routes/findAll.js","statementMap":{"0":{"start":{"line":1,"column":16},"end":{"line":1,"column":34}},"1":{"start":{"line":3,"column":18},"end":{"line":3,"column":44}},"2":{"start":{"line":4,"column":27},"end":{"line":4,"column":68}},"3":{"start":{"line":5,"column":13},"end":{"line":5,"column":36}},"4":{"start":{"line":7,"column":15},"end":{"line":7,"column":31}},"5":{"start":{"line":9,"column":0},"end":{"line":25,"column":2}},"6":{"start":{"line":10,"column":17},"end":{"line":10,"column":19}},"7":{"start":{"line":11,"column":4},"end":{"line":23,"column":5}},"8":{"start":{"line":12,"column":21},"end":{"line":12,"column":23}},"9":{"start":{"line":13,"column":8},"end":{"line":15,"column":9}},"10":{"start":{"line":14,"column":12},"end":{"line":14,"column":50}},"11":{"start":{"line":17,"column":8},"end":{"line":19,"column":9}},"12":{"start":{"line":18,"column":12},"end":{"line":18,"column":67}},"13":{"start":{"line":20,"column":8},"end":{"line":20,"column":42}},"14":{"start":{"line":22,"column":8},"end":{"line":22,"column":41}},"15":{"start":{"line":24,"column":4},"end":{"line":24,"column":32}},"16":{"start":{"line":27,"column":0},"end":{"line":27,"column":42}}},"fnMap":{"0":{"name":"(anonymous_0)","decl":{"start":{"line":9,"column":69},"end":{"line":9,"column":70}},"loc":{"start":{"line":9,"column":89},"end":{"line":25,"column":1}},"line":9}},"branchMap":{"0":{"loc":{"start":{"line":11,"column":4},"end":{"line":23,"column":5}},"type":"if","locations":[{"start":{"line":11,"column":4},"end":{"line":23,"column":5}},{"start":{"line":11,"column":4},"end":{"line":23,"column":5}}],"line":11},"1":{"loc":{"start":{"line":13,"column":8},"end":{"line":15,"column":9}},"type":"if","locations":[{"start":{"line":13,"column":8},"end":{"line":15,"column":9}},{"start":{"line":13,"column":8},"end":{"line":15,"column":9}}],"line":13},"2":{"loc":{"start":{"line":17,"column":8},"end":{"line":19,"column":9}},"type":"if","locations":[{"start":{"line":17,"column":8},"end":{"line":19,"column":9}},{"start":{"line":17,"column":8},"end":{"line":19,"column":9}}],"line":17}},"s":{"0":2,"1":2,"2":2,"3":2,"4":2,"5":2,"6":5,"7":5,"8":3,"9":3,"10":2,"11":3,"12":2,"13":3,"14":2,"15":5,"16":2},"f":{"0":5},"b":{"0":[3,2],"1":[2,1],"2":[2,1]},"_coverageSchema":"1a1c01bbd47fc00a2c39e90264f33305004495a9","hash":"b13a560767d959d5846404f58730b3bc13101f62"}
,"/home/mat/Projects/recruitment-task-v3/recruitment-task-v3/src/schemas/movie.js": {"path":"/home/mat/Projects/recruitment-task-v3/recruitment-task-v3/src/schemas/movie.js","statementMap":{"0":{"start":{"line":1,"column":12},"end":{"line":1,"column":26}},"1":{"start":{"line":2,"column":27},"end":{"line":2,"column":67}},"2":{"start":{"line":3,"column":20},"end":{"line":30,"column":11}},"3":{"start":{"line":6,"column":12},"end":{"line":6,"column":41}},"4":{"start":{"line":7,"column":12},"end":{"line":7,"column":25}},"5":{"start":{"line":10,"column":12},"end":{"line":19,"column":14}},"6":{"start":{"line":11,"column":16},"end":{"line":18,"column":17}},"7":{"start":{"line":13,"column":24},"end":{"line":13,"column":53}},"8":{"start":{"line":14,"column":24},"end":{"line":14,"column":29}},"9":{"start":{"line":16,"column":24},"end":{"line":16,"column":30}},"10":{"start":{"line":20,"column":12},"end":{"line":20,"column":26}},"11":{"start":{"line":32,"column":0},"end":{"line":32,"column":33}}},"fnMap":{"0":{"name":"(anonymous_0)","decl":{"start":{"line":5,"column":18},"end":{"line":5,"column":19}},"loc":{"start":{"line":5,"column":34},"end":{"line":8,"column":9}},"line":5},"1":{"name":"(anonymous_1)","decl":{"start":{"line":9,"column":15},"end":{"line":9,"column":16}},"loc":{"start":{"line":9,"column":25},"end":{"line":21,"column":9}},"line":9},"2":{"name":"(anonymous_2)","decl":{"start":{"line":10,"column":27},"end":{"line":10,"column":28}},"loc":{"start":{"line":10,"column":34},"end":{"line":19,"column":13}},"line":10}},"branchMap":{"0":{"loc":{"start":{"line":11,"column":16},"end":{"line":18,"column":17}},"type":"switch","locations":[{"start":{"line":12,"column":20},"end":{"line":14,"column":29}},{"start":{"line":15,"column":20},"end":{"line":16,"column":30}}],"line":11}},"s":{"0":3,"1":3,"2":3,"3":3,"4":1,"5":0,"6":0,"7":0,"8":0,"9":0,"10":0,"11":3},"f":{"0":3,"1":0,"2":0},"b":{"0":[0,0]},"_coverageSchema":"1a1c01bbd47fc00a2c39e90264f33305004495a9","hash":"9962606dcce67ea535512ec6b86872ec8eecd016"}
,"/home/mat/Projects/recruitment-task-v3/recruitment-task-v3/src/schemas/validation/genres-validator.js": {"path":"/home/mat/Projects/recruitment-task-v3/recruitment-task-v3/src/schemas/validation/genres-validator.js","statementMap":{"0":{"start":{"line":1,"column":18},"end":{"line":1,"column":32}},"1":{"start":{"line":2,"column":28},"end":{"line":2,"column":68}},"2":{"start":{"line":3,"column":18},"end":{"line":3,"column":47}},"3":{"start":{"line":5,"column":23},"end":{"line":19,"column":1}},"4":{"start":{"line":6,"column":19},"end":{"line":6,"column":37}},"5":{"start":{"line":7,"column":26},"end":{"line":12,"column":10}},"6":{"start":{"line":8,"column":8},"end":{"line":10,"column":9}},"7":{"start":{"line":9,"column":12},"end":{"line":9,"column":23}},"8":{"start":{"line":11,"column":8},"end":{"line":11,"column":18}},"9":{"start":{"line":14,"column":4},"end":{"line":16,"column":5}},"10":{"start":{"line":15,"column":8},"end":{"line":15,"column":69}},"11":{"start":{"line":18,"column":4},"end":{"line":18,"column":18}},"12":{"start":{"line":23,"column":0},"end":{"line":23,"column":35}}},"fnMap":{"0":{"name":"(anonymous_0)","decl":{"start":{"line":5,"column":23},"end":{"line":5,"column":24}},"loc":{"start":{"line":5,"column":41},"end":{"line":19,"column":1}},"line":5},"1":{"name":"(anonymous_1)","decl":{"start":{"line":7,"column":40},"end":{"line":7,"column":41}},"loc":{"start":{"line":7,"column":52},"end":{"line":12,"column":5}},"line":7}},"branchMap":{"0":{"loc":{"start":{"line":8,"column":8},"end":{"line":10,"column":9}},"type":"if","locations":[{"start":{"line":8,"column":8},"end":{"line":10,"column":9}},{"start":{"line":8,"column":8},"end":{"line":10,"column":9}}],"line":8},"1":{"loc":{"start":{"line":14,"column":4},"end":{"line":16,"column":5}},"type":"if","locations":[{"start":{"line":14,"column":4},"end":{"line":16,"column":5}},{"start":{"line":14,"column":4},"end":{"line":16,"column":5}}],"line":14}},"s":{"0":4,"1":4,"2":4,"3":4,"4":6,"5":6,"6":9,"7":2,"8":9,"9":5,"10":2,"11":3,"12":4},"f":{"0":6,"1":9},"b":{"0":[2,7],"1":[2,3]},"_coverageSchema":"1a1c01bbd47fc00a2c39e90264f33305004495a9","hash":"33142c8ffbcf928bb4df83991b16f8fa98af93a5"}
,"/home/mat/Projects/recruitment-task-v3/recruitment-task-v3/src/schemas/validation/movie-validator.js": {"path":"/home/mat/Projects/recruitment-task-v3/recruitment-task-v3/src/schemas/validation/movie-validator.js","statementMap":{"0":{"start":{"line":1,"column":24},"end":{"line":1,"column":54}},"1":{"start":{"line":2,"column":28},"end":{"line":2,"column":68}},"2":{"start":{"line":4,"column":28},"end":{"line":18,"column":1}},"3":{"start":{"line":5,"column":4},"end":{"line":17,"column":5}},"4":{"start":{"line":6,"column":8},"end":{"line":6,"column":47}},"5":{"start":{"line":9,"column":8},"end":{"line":13,"column":9}},"6":{"start":{"line":10,"column":12},"end":{"line":10,"column":79}},"7":{"start":{"line":10,"column":55},"end":{"line":10,"column":76}},"8":{"start":{"line":12,"column":12},"end":{"line":12,"column":41}},"9":{"start":{"line":15,"column":8},"end":{"line":15,"column":47}},"10":{"start":{"line":20,"column":0},"end":{"line":20,"column":40}}},"fnMap":{"0":{"name":"(anonymous_0)","decl":{"start":{"line":4,"column":28},"end":{"line":4,"column":29}},"loc":{"start":{"line":4,"column":43},"end":{"line":18,"column":1}},"line":4},"1":{"name":"(anonymous_1)","decl":{"start":{"line":10,"column":43},"end":{"line":10,"column":44}},"loc":{"start":{"line":10,"column":53},"end":{"line":10,"column":78}},"line":10}},"branchMap":{"0":{"loc":{"start":{"line":9,"column":8},"end":{"line":13,"column":9}},"type":"if","locations":[{"start":{"line":9,"column":8},"end":{"line":13,"column":9}},{"start":{"line":9,"column":8},"end":{"line":13,"column":9}}],"line":9}},"s":{"0":3,"1":3,"2":3,"3":12,"4":12,"5":11,"6":9,"7":9,"8":2,"9":11,"10":3},"f":{"0":12,"1":9},"b":{"0":[9,2]},"_coverageSchema":"1a1c01bbd47fc00a2c39e90264f33305004495a9","hash":"c1f349c04c90fdcd57ffb5f5756c23c4420937f6"}
,"/home/mat/Projects/recruitment-task-v3/recruitment-task-v3/src/test/custom-assertions.js": {"path":"/home/mat/Projects/recruitment-task-v3/recruitment-task-v3/src/test/custom-assertions.js","statementMap":{"0":{"start":{"line":1,"column":27},"end":{"line":4,"column":1}},"1":{"start":{"line":2,"column":21},"end":{"line":2,"column":46}},"2":{"start":{"line":3,"column":4},"end":{"line":3,"column":66}},"3":{"start":{"line":6,"column":21},"end":{"line":9,"column":1}},"4":{"start":{"line":7,"column":18},"end":{"line":7,"column":56}},"5":{"start":{"line":7,"column":35},"end":{"line":7,"column":55}},"6":{"start":{"line":8,"column":4},"end":{"line":8,"column":31}},"7":{"start":{"line":11,"column":22},"end":{"line":17,"column":1}},"8":{"start":{"line":12,"column":23},"end":{"line":12,"column":26}},"9":{"start":{"line":13,"column":24},"end":{"line":13,"column":27}},"10":{"start":{"line":14,"column":4},"end":{"line":14,"column":32}},"11":{"start":{"line":15,"column":4},"end":{"line":15,"column":55}},"12":{"start":{"line":16,"column":4},"end":{"line":16,"column":53}},"13":{"start":{"line":18,"column":0},"end":{"line":18,"column":68}}},"fnMap":{"0":{"name":"(anonymous_0)","decl":{"start":{"line":1,"column":27},"end":{"line":1,"column":28}},"loc":{"start":{"line":1,"column":48},"end":{"line":4,"column":1}},"line":1},"1":{"name":"(anonymous_1)","decl":{"start":{"line":6,"column":21},"end":{"line":6,"column":22}},"loc":{"start":{"line":6,"column":43},"end":{"line":9,"column":1}},"line":6},"2":{"name":"(anonymous_2)","decl":{"start":{"line":7,"column":30},"end":{"line":7,"column":31}},"loc":{"start":{"line":7,"column":35},"end":{"line":7,"column":55}},"line":7},"3":{"name":"(anonymous_3)","decl":{"start":{"line":11,"column":22},"end":{"line":11,"column":23}},"loc":{"start":{"line":11,"column":33},"end":{"line":17,"column":1}},"line":11}},"branchMap":{},"s":{"0":3,"1":8,"2":8,"3":3,"4":84,"5":147,"6":84,"7":3,"8":75,"9":75,"10":75,"11":75,"12":75,"13":3},"f":{"0":8,"1":84,"2":147,"3":75},"b":{},"_coverageSchema":"1a1c01bbd47fc00a2c39e90264f33305004495a9","hash":"5c209e7fc3dab0c637b676eca91d7ec40286e4ba"}
,"/home/mat/Projects/recruitment-task-v3/recruitment-task-v3/src/util/hash.js": {"path":"/home/mat/Projects/recruitment-task-v3/recruitment-task-v3/src/util/hash.js","statementMap":{"0":{"start":{"line":1,"column":15},"end":{"line":1,"column":32}},"1":{"start":{"line":4,"column":19},"end":{"line":7,"column":5}},"2":{"start":{"line":5,"column":8},"end":{"line":5,"column":68}},"3":{"start":{"line":6,"column":8},"end":{"line":6,"column":78}},"4":{"start":{"line":8,"column":4},"end":{"line":8,"column":21}},"5":{"start":{"line":12,"column":0},"end":{"line":12,"column":24}}},"fnMap":{"0":{"name":"hash","decl":{"start":{"line":3,"column":9},"end":{"line":3,"column":13}},"loc":{"start":{"line":3,"column":16},"end":{"line":10,"column":1}},"line":3},"1":{"name":"(anonymous_1)","decl":{"start":{"line":4,"column":19},"end":{"line":4,"column":20}},"loc":{"start":{"line":4,"column":27},"end":{"line":7,"column":5}},"line":4}},"branchMap":{"0":{"loc":{"start":{"line":5,"column":15},"end":{"line":5,"column":67}},"type":"cond-expr","locations":[{"start":{"line":5,"column":40},"end":{"line":5,"column":44}},{"start":{"line":5,"column":47},"end":{"line":5,"column":67}}],"line":5}},"s":{"0":6,"1":6,"2":6,"3":6,"4":6,"5":6},"f":{"0":6,"1":6},"b":{"0":[0,6]},"_coverageSchema":"1a1c01bbd47fc00a2c39e90264f33305004495a9","hash":"6c82df86abe5331b540a7db001eae02355679e72"}
,"/home/mat/Projects/recruitment-task-v3/recruitment-task-v3/src/util/http.js": {"path":"/home/mat/Projects/recruitment-task-v3/recruitment-task-v3/src/util/http.js","statementMap":{"0":{"start":{"line":2,"column":21},"end":{"line":2,"column":95}},"1":{"start":{"line":2,"column":35},"end":{"line":2,"column":95}},"2":{"start":{"line":3,"column":23},"end":{"line":3,"column":63}},"3":{"start":{"line":3,"column":32},"end":{"line":3,"column":63}},"4":{"start":{"line":5,"column":0},"end":{"line":5,"column":49}}},"fnMap":{"0":{"name":"(anonymous_0)","decl":{"start":{"line":2,"column":21},"end":{"line":2,"column":22}},"loc":{"start":{"line":2,"column":35},"end":{"line":2,"column":95}},"line":2},"1":{"name":"(anonymous_1)","decl":{"start":{"line":3,"column":23},"end":{"line":3,"column":24}},"loc":{"start":{"line":3,"column":32},"end":{"line":3,"column":63}},"line":3}},"branchMap":{"0":{"loc":{"start":{"line":2,"column":35},"end":{"line":2,"column":95}},"type":"cond-expr","locations":[{"start":{"line":2,"column":65},"end":{"line":2,"column":80}},{"start":{"line":2,"column":83},"end":{"line":2,"column":95}}],"line":2}},"s":{"0":3,"1":6,"2":3,"3":7,"4":3},"f":{"0":6,"1":7},"b":{"0":[5,1]},"_coverageSchema":"1a1c01bbd47fc00a2c39e90264f33305004495a9","hash":"9fd0fe297bd135938b8075eca6f47089a06cc498"}
}
