TN:
SF:src/logger.js
FNF:0
FNH:0
DA:1,2
DA:2,2
DA:15,2
DA:17,2
LF:4
LH:4
BRF:0
BRH:0
end_of_record
TN:
SF:src/server.js
FN:21,(anonymous_0)
FNF:1
FNH:0
FNDA:0,(anonymous_0)
DA:1,2
DA:2,2
DA:3,2
DA:4,2
DA:6,2
DA:7,2
DA:8,2
DA:9,2
DA:11,2
DA:13,2
DA:14,2
DA:16,2
DA:17,2
DA:19,2
DA:21,2
DA:22,0
DA:25,2
DA:30,2
LF:18
LH:17
BRF:0
BRH:0
end_of_record
TN:
SF:src/db/cache.js
FN:18,cache
FN:20,(anonymous_1)
FN:22,(anonymous_2)
FN:24,(anonymous_3)
FN:27,(anonymous_4)
FN:35,(anonymous_5)
FNF:6
FNH:6
FNDA:6,cache
FNDA:8,(anonymous_1)
FNDA:1,(anonymous_2)
FNDA:1,(anonymous_3)
FNDA:3,(anonymous_4)
FNDA:25,(anonymous_5)
DA:1,6
DA:12,6
DA:20,8
DA:22,6
DA:23,1
DA:24,1
DA:27,6
DA:28,3
DA:30,0
DA:31,0
DA:33,0
DA:35,3
DA:36,25
DA:37,25
DA:40,3
DA:41,3
DA:42,3
DA:44,3
DA:48,6
DA:51,6
LF:20
LH:17
BRDA:28,0,0,0
BRDA:28,0,1,3
BRDA:30,1,0,0
BRDA:30,1,1,0
BRDA:40,2,0,3
BRDA:40,2,1,0
BRF:6
BRH:2
end_of_record
TN:
SF:src/db/database.js
FN:8,database
FN:10,(anonymous_1)
FN:26,(anonymous_2)
FN:34,(anonymous_3)
FN:36,(anonymous_4)
FN:41,(anonymous_5)
FN:43,(anonymous_6)
FN:51,(anonymous_7)
FN:56,(anonymous_8)
FN:84,(anonymous_9)
FN:85,(anonymous_10)
FN:91,(anonymous_11)
FN:110,(anonymous_12)
FN:111,(anonymous_13)
FN:112,(anonymous_14)
FN:116,(anonymous_15)
FN:117,(anonymous_16)
FNF:17
FNH:16
FNDA:9,database
FNDA:10,(anonymous_1)
FNDA:2,(anonymous_2)
FNDA:4,(anonymous_3)
FNDA:16,(anonymous_4)
FNDA:2,(anonymous_5)
FNDA:0,(anonymous_6)
FNDA:4,(anonymous_7)
FNDA:14,(anonymous_8)
FNDA:4,(anonymous_9)
FNDA:642,(anonymous_10)
FNDA:457,(anonymous_11)
FNDA:3,(anonymous_12)
FNDA:84,(anonymous_13)
FNDA:221,(anonymous_14)
FNDA:269,(anonymous_15)
FNDA:84,(anonymous_16)
DA:1,5
DA:2,5
DA:3,5
DA:5,5
DA:7,5
DA:10,9
DA:11,10
DA:15,4
DA:16,2
DA:17,2
DA:19,2
DA:22,6
DA:26,9
DA:27,2
DA:28,2
DA:29,2
DA:30,2
DA:31,2
DA:34,9
DA:36,9
DA:37,16
DA:38,16
DA:41,9
DA:42,2
DA:44,0
DA:45,0
DA:46,0
DA:51,9
DA:52,4
DA:53,4
DA:56,9
DA:57,14
DA:58,14
DA:60,14
DA:61,4
DA:65,14
DA:66,4
DA:67,3
DA:71,14
DA:72,2
DA:75,14
DA:84,9
DA:85,4
DA:86,642
DA:87,642
DA:88,744
DA:90,744
DA:91,457
DA:93,481
DA:96,744
DA:97,507
DA:101,135
DA:102,135
DA:110,9
DA:112,221
DA:113,84
DA:114,84
DA:116,269
DA:117,84
DA:121,9
DA:124,5
LF:61
LH:58
BRDA:7,0,0,5
BRDA:7,0,1,0
BRDA:11,1,0,4
BRDA:11,1,1,6
BRDA:15,2,0,2
BRDA:15,2,1,2
BRDA:17,3,0,0
BRDA:17,3,1,2
BRDA:22,4,0,0
BRDA:22,4,1,6
BRDA:44,5,0,0
BRDA:44,5,1,0
BRDA:60,6,0,4
BRDA:60,6,1,10
BRDA:65,7,0,4
BRDA:65,7,1,10
BRDA:66,8,0,3
BRDA:66,8,1,1
BRDA:66,9,0,4
BRDA:66,9,1,2
BRDA:66,9,2,3
BRDA:71,10,0,2
BRDA:71,10,1,12
BRDA:90,11,0,263
BRDA:90,11,1,481
BRDA:93,12,0,481
BRDA:93,12,1,300
BRDA:96,13,0,507
BRDA:96,13,1,237
BRDA:116,14,0,61
BRDA:116,14,1,208
BRF:31
BRH:26
end_of_record
TN:
SF:src/db/model.js
FN:6,(anonymous_0)
FN:9,(anonymous_1)
FN:10,(anonymous_2)
FNF:3
FNH:3
FNDA:6,(anonymous_0)
FNDA:9,(anonymous_1)
FNDA:2,(anonymous_2)
DA:1,4
DA:7,6
DA:8,6
DA:9,9
DA:10,6
DA:14,4
LF:6
LH:6
BRF:0
BRH:0
end_of_record
TN:
SF:src/errors/custom-error.js
FN:2,(anonymous_0)
FN:6,(anonymous_1)
FN:8,(anonymous_2)
FNF:3
FNH:3
FNDA:13,(anonymous_0)
FNDA:10,(anonymous_1)
FNDA:10,(anonymous_2)
DA:3,13
DA:4,13
DA:5,13
DA:6,13
DA:7,10
DA:8,10
DA:14,5
LF:7
LH:7
BRDA:7,0,0,10
BRDA:7,0,1,0
BRF:2
BRH:1
end_of_record
TN:
SF:src/errors/database-error.js
FN:4,(anonymous_0)
FNF:1
FNH:0
FNDA:0,(anonymous_0)
DA:1,5
DA:5,0
DA:6,0
DA:10,5
LF:4
LH:2
BRF:0
BRH:0
end_of_record
TN:
SF:src/errors/not-found-error.js
FN:4,(anonymous_0)
FNF:1
FNH:0
FNDA:0,(anonymous_0)
DA:1,2
DA:5,0
DA:6,0
DA:7,0
DA:11,2
LF:5
LH:2
BRF:0
BRH:0
end_of_record
TN:
SF:src/errors/validation-error.js
FN:4,(anonymous_0)
FNF:1
FNH:1
FNDA:13,(anonymous_0)
DA:1,4
DA:5,13
DA:6,13
DA:10,4
LF:4
LH:4
BRF:0
BRH:0
end_of_record
TN:
SF:src/middlewares/body-validator.js
FN:3,validateMovie
FNF:1
FNH:1
FNDA:11,validateMovie
DA:1,2
DA:4,11
DA:5,11
DA:6,1
DA:8,10
DA:12,2
LF:6
LH:6
BRF:0
BRH:0
end_of_record
TN:
SF:src/middlewares/error-handler.js
FN:5,errorHandler
FNF:1
FNH:1
FNDA:10,errorHandler
DA:1,2
DA:2,2
DA:7,10
DA:8,10
DA:11,0
DA:16,2
LF:6
LH:5
BRDA:7,0,0,10
BRDA:7,0,1,0
BRF:2
BRH:1
end_of_record
TN:
SF:src/middlewares/query-validator.js
FN:4,queryValidator
FNF:1
FNH:1
FNDA:5,queryValidator
DA:1,2
DA:2,2
DA:5,5
DA:6,5
DA:7,4
DA:8,4
DA:10,2
DA:11,2
DA:12,2
DA:15,5
DA:17,0
DA:23,2
LF:12
LH:11
BRDA:8,0,0,2
BRF:1
BRH:1
end_of_record
TN:
SF:src/models/genre.js
FN:4,(anonymous_0)
FNF:1
FNH:1
FNDA:4,(anonymous_0)
DA:1,4
DA:5,4
DA:6,4
DA:9,4
LF:4
LH:4
BRF:0
BRH:0
end_of_record
TN:
SF:src/models/movie.js
FN:4,(anonymous_0)
FN:8,(anonymous_1)
FNF:2
FNH:2
FNDA:2,(anonymous_0)
FNDA:1,(anonymous_1)
DA:1,2
DA:5,2
DA:6,2
DA:8,2
DA:11,2
LF:5
LH:5
BRF:0
BRH:0
end_of_record
TN:
SF:src/routes/create.js
FN:7,(anonymous_0)
FNF:1
FNH:1
FNDA:1,(anonymous_0)
DA:1,2
DA:2,2
DA:3,2
DA:5,2
DA:7,2
DA:8,1
DA:9,1
DA:12,2
LF:8
LH:8
BRF:0
BRH:0
end_of_record
TN:
SF:src/routes/findAll.js
FN:9,(anonymous_0)
FNF:1
FNH:1
FNDA:5,(anonymous_0)
DA:1,2
DA:3,2
DA:4,2
DA:5,2
DA:7,2
DA:9,2
DA:10,5
DA:11,5
DA:12,3
DA:13,3
DA:14,2
DA:17,3
DA:18,2
DA:20,3
DA:22,2
DA:24,5
DA:27,2
LF:17
LH:17
BRDA:11,0,0,3
BRDA:11,0,1,2
BRDA:13,1,0,2
BRDA:13,1,1,1
BRDA:17,2,0,2
BRDA:17,2,1,1
BRF:6
BRH:6
end_of_record
TN:
SF:src/schemas/movie.js
FN:5,(anonymous_0)
FN:9,(anonymous_1)
FN:10,(anonymous_2)
FNF:3
FNH:1
FNDA:3,(anonymous_0)
FNDA:0,(anonymous_1)
FNDA:0,(anonymous_2)
DA:1,3
DA:2,3
DA:3,3
DA:6,3
DA:7,1
DA:10,0
DA:11,0
DA:13,0
DA:14,0
DA:16,0
DA:20,0
DA:32,3
LF:12
LH:6
BRDA:11,0,0,0
BRDA:11,0,1,0
BRF:2
BRH:0
end_of_record
TN:
SF:src/schemas/validation/genres-validator.js
FN:5,(anonymous_0)
FN:7,(anonymous_1)
FNF:2
FNH:2
FNDA:6,(anonymous_0)
FNDA:9,(anonymous_1)
DA:1,4
DA:2,4
DA:3,4
DA:5,4
DA:6,6
DA:7,6
DA:8,9
DA:9,2
DA:11,9
DA:14,5
DA:15,2
DA:18,3
DA:23,4
LF:13
LH:13
BRDA:8,0,0,2
BRDA:8,0,1,7
BRDA:14,1,0,2
BRDA:14,1,1,3
BRF:4
BRH:4
end_of_record
TN:
SF:src/schemas/validation/movie-validator.js
FN:4,(anonymous_0)
FN:10,(anonymous_1)
FNF:2
FNH:2
FNDA:12,(anonymous_0)
FNDA:9,(anonymous_1)
DA:1,3
DA:2,3
DA:4,3
DA:5,12
DA:6,12
DA:9,11
DA:10,9
DA:12,2
DA:15,11
DA:20,3
LF:10
LH:10
BRDA:9,0,0,9
BRDA:9,0,1,2
BRF:2
BRH:2
end_of_record
TN:
SF:src/test/custom-assertions.js
FN:1,(anonymous_0)
FN:6,(anonymous_1)
FN:7,(anonymous_2)
FN:11,(anonymous_3)
FNF:4
FNH:4
FNDA:8,(anonymous_0)
FNDA:84,(anonymous_1)
FNDA:147,(anonymous_2)
FNDA:75,(anonymous_3)
DA:1,3
DA:2,8
DA:3,8
DA:6,3
DA:7,147
DA:8,84
DA:11,3
DA:12,75
DA:13,75
DA:14,75
DA:15,75
DA:16,75
DA:18,3
LF:13
LH:13
BRF:0
BRH:0
end_of_record
TN:
SF:src/util/hash.js
FN:3,hash
FN:4,(anonymous_1)
FNF:2
FNH:2
FNDA:6,hash
FNDA:6,(anonymous_1)
DA:1,6
DA:4,6
DA:5,6
DA:6,6
DA:8,6
DA:12,6
LF:6
LH:6
BRDA:5,0,0,0
BRDA:5,0,1,6
BRF:2
BRH:1
end_of_record
TN:
SF:src/util/http.js
FN:2,(anonymous_0)
FN:3,(anonymous_1)
FNF:2
FNH:2
FNDA:6,(anonymous_0)
FNDA:7,(anonymous_1)
DA:2,6
DA:3,7
DA:5,3
LF:3
LH:3
BRDA:2,0,0,5
BRDA:2,0,1,1
BRF:2
BRH:2
end_of_record
